<?xml version="1.0" encoding="UTF-8"?>
<!-- Generated by org.testng.reporters.JUnitReportReporter -->
<testsuite hostname="DESKTOP-8P3C703" failures="0" tests="2" name="Academy.E2EProject.baseNavigation" time="14.113" errors="0" timestamp="2022-08-27T13:49:40 IST" skipped="0">
  <testcase classname="Academy.E2EProject.baseNavigation" name="login" time="3.786"/>
  <system-out/>
  <testcase classname="Academy.E2EProject.baseNavigation" name="login" time="10.327"/>
  <system-out/>
</testsuite> <!-- Academy.E2EProject.baseNavigation -->
