<?xml version="1.0" encoding="UTF-8"?>
<!-- Generated by org.testng.reporters.JUnitReportReporter -->
<testsuite hostname="DESKTOP-8P3C703" failures="0" tests="1" name="Academy.E2EProject.validateNavigationBar" time="0.162" errors="0" timestamp="2022-08-27T13:49:40 IST" skipped="0">
  <testcase classname="Academy.E2EProject.validateNavigationBar" name="landPageNavBar" time="0.162"/>
  <system-out/>
</testsuite> <!-- Academy.E2EProject.validateNavigationBar -->
